C51 COMPILER V9.00   DELAY                                                                 06/19/2014 21:06:34 PAGE 1   


C51 COMPILER V9.00, COMPILATION OF MODULE DELAY
OBJECT MODULE PLACED IN .\delay.obj
COMPILER INVOKED BY: D:\Keil\C51\BIN\C51.EXE ..\delay\delay.c LARGE BROWSE INCDIR(..\delay;..\GUI;..\USER;..\ds18b20;..\
                    -tft;..\at24c04) DEBUG OBJECTEXTEND PRINT(.\delay.lst) OBJECT(.\delay.obj)

line level    source

   1          
   2          
   3          #include "stc12.h"
   4          #include "delay.h"
   5          #include <intrins.h>
   6          
   7          void delayms(unsigned int count)  // /* X1ms */
   8          {
   9   1              int i,j;
  10   1              for(i=0;i<count;i++)
  11   1                      for(j=0;j<1000;j++);
  12   1      } 
  13          
  14          
  15          
  16          void delay(unsigned int time)
  17          {
  18   1              while(--time);
  19   1      }
  20          
  21          


MODULE INFORMATION:   STATIC OVERLAYABLE
   CODE SIZE        =     42    ----
   CONSTANT SIZE    =   ----    ----
   XDATA SIZE       =   ----    ----
   PDATA SIZE       =   ----    ----
   DATA SIZE        =   ----    ----
   IDATA SIZE       =   ----    ----
   BIT SIZE         =   ----    ----
END OF MODULE INFORMATION.


C51 COMPILATION COMPLETE.  0 WARNING(S),  0 ERROR(S)
